<?xml version="1.0" encoding="UTF-8"?>
<testng-results ignored="0" total="1" passed="1" failed="0" skipped="0">
  <reporter-output>
  </reporter-output>
  <suite started-at="2020-11-22T01:11:57 EST" name="Default suite" finished-at="2020-11-22T01:12:11 EST" duration-ms="13089">
    <groups>
    </groups>
    <test started-at="2020-11-22T01:11:57 EST" name="Default test" finished-at="2020-11-22T01:12:11 EST" duration-ms="13089">
      <class name="test.execution.SmokeTeatWithTestNG">
        <test-method is-config="true" signature="getDriverSetup()[pri:0, instance:test.execution.SmokeTeatWithTestNG@6236eb5f]" started-at="2020-11-22T01:11:57 EST" name="getDriverSetup" finished-at="2020-11-22T01:12:07 EST" duration-ms="10004" status="PASS">
          <reporter-output>
          </reporter-output>
        </test-method> <!-- getDriverSetup -->
        <test-method signature="getTest()[pri:0, instance:test.execution.SmokeTeatWithTestNG@6236eb5f]" started-at="2020-11-22T01:12:07 EST" name="getTest" finished-at="2020-11-22T01:12:10 EST" duration-ms="2346" status="PASS">
          <reporter-output>
          </reporter-output>
        </test-method> <!-- getTest -->
        <test-method is-config="true" signature="getClose()[pri:0, instance:test.execution.SmokeTeatWithTestNG@6236eb5f]" started-at="2020-11-22T01:12:10 EST" name="getClose" finished-at="2020-11-22T01:12:11 EST" duration-ms="698" status="PASS">
          <reporter-output>
          </reporter-output>
        </test-method> <!-- getClose -->
      </class> <!-- test.execution.SmokeTeatWithTestNG -->
    </test> <!-- Default test -->
  </suite> <!-- Default suite -->
</testng-results>
